<?xml version="1.0" encoding="UTF-8"?>
<testsuite xmlns:xsi="http://www.w3.org/2001/XMLSchema-instance" xsi:schemaLocation="https://maven.apache.org/surefire/maven-surefire-plugin/xsd/surefire-test-report.xsd" name="com.sg.vendingmachine.dao.InventoryDaoImplTest" time="0.191" tests="3" errors="0" skipped="0" failures="0">
  <properties>
[...]
</properties>
  <testcase name="updateInventoryTest" classname="com.sg.vendingmachine.dao.InventoryDaoImplTest" time="0.162"/>
  <testcase name="getItemTest" classname="com.sg.vendingmachine.dao.InventoryDaoImplTest" time="0.007"/>
  <testcase name="getListOfItemsTest" classname="com.sg.vendingmachine.dao.InventoryDaoImplTest" time="0.009"/>
</testsuite>